TN:
SF:scripts\addToCart\app.js
FN:9,(anonymous_0)
FN:29,getCartList
FN:37,getBookDetails
FN:50,getItemCount
FN:59,createBookInCart
FNF:5
FNH:3
FNDA:1,(anonymous_0)
FNDA:0,getCartList
FNDA:1,getBookDetails
FNDA:0,getItemCount
FNDA:1,createBookInCart
DA:1,1
DA:2,1
DA:4,1
DA:8,1
DA:9,1
DA:10,1
DA:11,1
DA:15,1
DA:16,1
DA:17,1
DA:18,1
DA:19,1
DA:20,0
DA:21,0
DA:22,0
DA:23,0
DA:25,1
DA:30,0
DA:33,0
DA:34,0
DA:38,1
DA:39,1
DA:46,1
DA:47,1
DA:51,0
DA:55,0
DA:56,0
DA:60,1
DA:77,0
DA:78,0
LF:30
LH:18
BRF:0
BRH:0
end_of_record
TN:
SF:scripts\getCartDetails\app.js
FN:9,(anonymous_0)
FN:32,getCartList
FN:40,getItemCount
FNF:3
FNH:0
FNDA:0,(anonymous_0)
FNDA:0,getCartList
FNDA:0,getItemCount
DA:1,1
DA:2,1
DA:4,1
DA:8,1
DA:9,1
DA:12,0
DA:13,0
DA:14,0
DA:15,0
DA:16,0
DA:17,0
DA:18,0
DA:20,0
DA:25,0
DA:26,0
DA:28,0
DA:33,0
DA:36,0
DA:37,0
DA:41,0
DA:45,0
DA:46,0
LF:22
LH:5
BRF:0
BRH:0
end_of_record
TN:
SF:scripts\removeFromCart\app.js
FN:9,(anonymous_0)
FN:25,getUpdatedList
FN:32,deleteBookFromList
FNF:3
FNH:2
FNDA:1,(anonymous_0)
FNDA:0,getUpdatedList
FNDA:1,deleteBookFromList
DA:1,1
DA:2,1
DA:4,1
DA:8,1
DA:9,1
DA:12,1
DA:13,1
DA:14,1
DA:15,1
DA:16,0
DA:17,0
DA:18,0
DA:19,0
DA:21,1
DA:26,0
DA:29,0
DA:30,0
DA:33,1
DA:39,1
DA:40,0
LF:20
LH:12
BRF:0
BRH:0
end_of_record
TN:
SF:unitTest\addToCart\mock.js
FN:1,(anonymous_0)
FNF:1
FNH:1
FNDA:1,(anonymous_0)
DA:1,1
DA:2,1
LF:2
LH:2
BRF:0
BRH:0
end_of_record
TN:
SF:unitTest\getBookDetails\mock.js
FN:1,(anonymous_0)
FNF:1
FNH:1
FNDA:1,(anonymous_0)
DA:1,1
DA:2,1
LF:2
LH:2
BRF:0
BRH:0
end_of_record
TN:
SF:unitTest\getCartDetails\mock.js
FN:1,(anonymous_0)
FNF:1
FNH:1
FNDA:1,(anonymous_0)
DA:1,1
DA:2,1
LF:2
LH:2
BRF:0
BRH:0
end_of_record
TN:
SF:unitTest\removeFromCart\mock.js
FN:1,(anonymous_0)
FNF:1
FNH:1
FNDA:1,(anonymous_0)
DA:1,1
DA:2,1
LF:2
LH:2
BRF:0
BRH:0
end_of_record
